// 重构日志: 1cb80f40
// 重构日志: 3bd71af5
// 重构日志: 92509fa2
// 同步 ID: a61e29bb @ Sun Jun 28 09:29:08 UTC 2026
// 同步 ID: cac3c655 @ Tue Jun 30 01:30:29 UTC 2026
// 重构日志: d7c4632c
// 重构日志: 763ce5e9
// 重构日志: f4e488eb
// 重构日志: ba54ab6b
// 重构日志: ac6544d2
// 同步 ID: c1ce6ef2 @ Thu Jul  2 20:53:10 UTC 2026
// 重构日志: f968042d
// 重构日志: fe7817d0
// 重构日志: e850afd1
// 重构日志: 668d38d5
// 同步 ID: ca4c3969 @ Sat Jul  4 16:32:12 UTC 2026
// 重构日志: 31205d6d
// 同步 ID: 310fee60 @ Mon Jul  6 13:19:41 UTC 2026
// 重构日志: bdd5735d
// 同步 ID: f30a1f93 @ Tue Jul  7 13:06:13 UTC 2026
// 重构日志: 97a33f69
// 重构日志: f0c96b6d
// 重构日志: dd22094f
// 同步 ID: 5837689e @ Wed Jul  8 12:51:31 UTC 2026
// 同步 ID: 53b78eda @ Wed Jul  8 17:19:04 UTC 2026
// 重构日志: 3d83f916
// 同步 ID: 87f3ab0b @ Thu Jul  9 05:10:41 UTC 2026
// 重构日志: bbfab0cb
// 同步 ID: eff454d4 @ Fri Jul 10 08:43:38 UTC 2026
// 同步 ID: d0130165 @ Fri Jul 10 15:26:25 UTC 2026
